This is pdfTeX, Version 3.141592-1.40.3 (Web2C 7.5.6) (format=latex 2008.3.26)  24 APR 2008 03:32
entering extended mode
**main.tex
(./main.tex
LaTeX2e <2005/12/01>
Babel <v3.8h> and hyphenation patterns for english, usenglishmax, dumylang, noh
yphenation, basque, bulgarian, coptic, welsh, czech, slovak, german, ngerman, d
anish, esperanto, spanish, catalan, galician, estonian, finnish, french, greek,
 monogreek, ancientgreek, croatian, hungarian, interlingua, ibycus, indonesian,
 icelandic, italian, latin, mongolian, dutch, norsk, polish, portuguese, romani
an, russian, slovenian, uppersorbian, serbian, swedish, turkish, ukenglish, ukr
ainian, loaded.
(/usr/share/texmf/tex/latex/base/article.cls
Document Class: article 2005/09/16 v1.4f Standard LaTeX document class
(/usr/share/texmf/tex/latex/base/size10.clo
File: size10.clo 2005/09/16 v1.4f Standard LaTeX file (size option)
)
\c@part=\count79
\c@section=\count80
\c@subsection=\count81
\c@subsubsection=\count82
\c@paragraph=\count83
\c@subparagraph=\count84
\c@figure=\count85
\c@table=\count86
\abovecaptionskip=\skip41
\belowcaptionskip=\skip42
\bibindent=\dimen102
)
(/usr/share/texmf/tex/latex/amsfonts/amsfonts.sty
Package: amsfonts 2001/10/25 v2.2f
\@emptytoks=\toks14
\symAMSa=\mathgroup4
\symAMSb=\mathgroup5
LaTeX Font Info:    Overwriting math alphabet `\mathfrak' in version `bold'
(Font)                  U/euf/m/n --> U/euf/b/n on input line 132.
)
(/usr/share/texmf/tex/latex/geometry/geometry.sty
Package: geometry 2002/07/08 v3.2 Page Geometry

(/usr/share/texmf/tex/latex/graphics/keyval.sty
Package: keyval 1999/03/16 v1.13 key=value parser (DPC)
\KV@toks@=\toks15
)
\Gm@cnth=\count87
\Gm@cntv=\count88
\c@Gm@tempcnt=\count89
\Gm@bindingoffset=\dimen103
\Gm@wd@mp=\dimen104
\Gm@odd@mp=\dimen105
\Gm@even@mp=\dimen106
\Gm@dimlist=\toks16
) (./psfig.sty
\@unused=\write3
\ps@stream=\read1
\p@intvaluex=\dimen107
\p@intvaluey=\dimen108

psfig/tex 1.10-dvips
) (/usr/share/texmf/tex/latex/graphics/epsfig.sty
Package: epsfig 1999/02/16 v1.7a (e)psfig emulation (SPQR)

(/usr/share/texmf/tex/latex/graphics/graphicx.sty
Package: graphicx 1999/02/16 v1.0f Enhanced LaTeX Graphics (DPC,SPQR)

(/usr/share/texmf/tex/latex/graphics/graphics.sty
Package: graphics 2006/02/20 v1.0o Standard LaTeX Graphics (DPC,SPQR)

(/usr/share/texmf/tex/latex/graphics/trig.sty
Package: trig 1999/03/16 v1.09 sin cos tan (DPC)
)
(/usr/share/texmf/tex/latex/config/graphics.cfg
File: graphics.cfg 2007/01/18 v1.5 graphics configuration of teTeX/TeXLive
)
Package graphics Info: Driver file: dvips.def on input line 90.

(/usr/share/texmf/tex/latex/graphics/dvips.def
File: dvips.def 1999/02/16 v3.0i Driver-dependant file (DPC,SPQR)
))
\Gin@req@height=\dimen109
\Gin@req@width=\dimen110
)
\epsfxsize=\dimen111
\epsfysize=\dimen112
)
(/usr/share/texmf/tex/latex/pstricks/pstricks.sty
Package: pstricks 2006/08/10 v0.32 LaTeX wrapper for `PSTricks' (RN,HV)

(/usr/share/texmf/tex/generic/pstricks/pstricks.tex
`PSTricks' v1.15  <2006/12/22> (tvz)
\pst@dima=\dimen113
\pst@dimb=\dimen114
\pst@dimc=\dimen115
\pst@dimd=\dimen116
\pst@dimg=\dimen117
\pst@dimh=\dimen118
\pst@hbox=\box26
\pst@boxg=\box27
\pst@cnta=\count90
\pst@cntb=\count91
\pst@cntc=\count92
\pst@cntd=\count93
\pst@cntg=\count94
\pst@cnth=\count95
\pst@toks=\toks17
(/usr/share/texmf/tex/generic/pstricks/pstricks.con)
\psunit=\dimen119
\psxunit=\dimen120
\psyunit=\dimen121
\pslinewidth=\dimen122
\pst@customdefs=\toks18
\pslinearc=\dimen123
\everypsbox=\toks19
\psframesep=\dimen124
\pslabelsep=\dimen125
\psk@shift=\dimen126
\pst@shift=\dimen127
\theoverlaybox=\box28
)
File: pstricks.tex 2006/12/22 v1.15 `PSTricks' (tvz)

(/usr/share/texmf/tex/latex/xcolor/xcolor.sty
Package: xcolor 2007/01/21 v2.11 LaTeX color extensions (UK)

(/usr/share/texmf/tex/latex/config/color.cfg
File: color.cfg 2007/01/18 v1.5 color configuration of teTeX/TeXLive
)
Package xcolor Info: Package option `override' ignored on input line 216.
Package xcolor Info: Driver file: dvips.def on input line 225.
Package xcolor Info: Model `cmy' substituted by `cmy0' on input line 1337.
Package xcolor Info: Model `RGB' extended on input line 1353.
Package xcolor Info: Model `HTML' substituted by `rgb' on input line 1355.
Package xcolor Info: Model `Hsb' substituted by `hsb' on input line 1356.
Package xcolor Info: Model `tHsb' substituted by `hsb' on input line 1357.
Package xcolor Info: Model `HSB' substituted by `hsb' on input line 1358.
Package xcolor Info: Model `Gray' substituted by `gray' on input line 1359.
Package xcolor Info: Model `wave' substituted by `hsb' on input line 1360.
))
(/usr/share/texmf/tex/latex/pstricks/pst-node.sty
Package: pst-node 2006/01/01 package wrapper for pst-node.tex

(/usr/share/texmf/tex/generic/pstricks/pst-node.tex  v97 patch 11, 2000/11/09
\psrow=\count96
\pscol=\count97
\psmatrixcnt=\count98
\psrowsep=\skip43
\pscolsep=\skip44
)
File: pst-node.tex 2000/11/09 97 patch 11 `pst-node' (tvz)
) (/usr/share/texmf/tex/generic/xypic/xypic.sty
(/usr/share/texmf/tex/generic/xypic/xy.sty
(/usr/share/texmf/tex/generic/xypic/xy.tex Bootstrap'ing: catcodes, docmode,
(/usr/share/texmf/tex/generic/xypic/xyrecat.tex)
(/usr/share/texmf/tex/generic/xypic/xyidioms.tex)

 Xy-pic version 3.7 <1999/02/16>
 Copyright (c) 1991-1998 by Kristoffer H. Rose <krisrose@ens-lyon.fr>
 Xy-pic is free software: see the User's Guide for details.

Loading kernel: messages; fonts; allocations: state,
\X@c=\dimen128
\Y@c=\dimen129
\U@c=\dimen130
\D@c=\dimen131
\L@c=\dimen132
\R@c=\dimen133
\Edge@c=\toks20
\X@p=\dimen134
\Y@p=\dimen135
\U@p=\dimen136
\D@p=\dimen137
\L@p=\dimen138
\R@p=\dimen139
\Edge@p=\toks21
\X@origin=\dimen140
\Y@origin=\dimen141
\X@xbase=\dimen142
\Y@xbase=\dimen143
\X@ybase=\dimen144
\Y@ybase=\dimen145
\X@min=\dimen146
\Y@min=\dimen147
\X@max=\dimen148
\Y@max=\dimen149
\lastobjectbox@=\box29
\zerodotbox@=\box30
\almostz@=\dimen150
 direction,
\d@X=\dimen151
\d@Y=\dimen152
\K@=\count99
\KK@=\count100
\Direction=\count101
\K@dXdY=\dimen153
\K@dYdX=\dimen154
\xyread@=\read2
\xywrite@=\write4
\csp@=\count102
\quotPTK@=\dimen155

utility macros; pictures: \xy, positions,
\swaptoks@@=\toks22
\connectobjectbox@@=\box31
 objects,
\styletoks@=\toks23
 decorations;
kernel objects: directionals, circles, text; options; algorithms: directions,
edges, connections;  Xy-pic loaded)

LaTeX Warning: You have requested package `xypic',
               but the package provides `xy'.

Package: xy 1999/02/16 Xy-pic version 3.7
) (/usr/share/texmf/tex/generic/xypic/xyv2.tex
 Xy-pic option: Version 2 Compatibility v.3.4

Xy-pic Warning: `\stop' redefined.

(/usr/share/texmf/tex/generic/xypic/xyframe.tex
 Xy-pic option: Frame and Bracket extension v.3.7 loaded)
(/usr/share/texmf/tex/generic/xypic/xymatrix.tex
 Xy-pic option: Matrix feature v.3.4
\Row=\count103
\Col=\count104
\queue@=\toks24
\queue@@=\toks25
\qcount@=\count105
\qcount@@=\count106
\matrixsize@=\count107
 loaded)
(/usr/share/texmf/tex/generic/xypic/xyarrow.tex
 Xy-pic option: Arrow and Path feature v.3.5 path, \ar, loaded) loaded))
(/usr/share/texmf/tex/latex/subfigure/subfigure.sty
Package: subfigure 2002/03/15 v2.1.5 subfigure package
\subfigtopskip=\skip45
\subfigcapskip=\skip46
\subfigcaptopadj=\dimen156
\subfigbottomskip=\skip47
\subfigcapmargin=\dimen157
\subfiglabelskip=\skip48
\c@subfigure=\count108
\c@lofdepth=\count109
\c@subtable=\count110
\c@lotdepth=\count111

****************************************
* Local config file subfigure.cfg used *
****************************************
(/usr/share/texmf/tex/latex/subfigure/subfigure.cfg)
\subfig@top=\skip49
\subfig@bottom=\skip50
) (./main.aux)
\openout1 = `main.aux'.

LaTeX Font Info:    Checking defaults for OML/cmm/m/it on input line 34.
LaTeX Font Info:    ... okay on input line 34.
LaTeX Font Info:    Checking defaults for T1/cmr/m/n on input line 34.
LaTeX Font Info:    ... okay on input line 34.
LaTeX Font Info:    Checking defaults for OT1/cmr/m/n on input line 34.
LaTeX Font Info:    ... okay on input line 34.
LaTeX Font Info:    Checking defaults for OMS/cmsy/m/n on input line 34.
LaTeX Font Info:    ... okay on input line 34.
LaTeX Font Info:    Checking defaults for OMX/cmex/m/n on input line 34.
LaTeX Font Info:    ... okay on input line 34.
LaTeX Font Info:    Checking defaults for U/cmr/m/n on input line 34.
LaTeX Font Info:    ... okay on input line 34.
-------------------- Geometry parameters
paper: a4paper
landscape: --
twocolumn: --
twoside: --
asymmetric: --
h-parts: 85.35826pt, 426.79135pt, 85.35826pt
v-parts: 56.9055pt, 702.7831pt, 85.35825pt
hmarginratio: --
vmarginratio: 2:3
lines: --
heightrounded: --
bindingoffset: 0.0pt
truedimen: --
includehead: --
includefoot: --
includemp: --
driver: 
-------------------- Page layout dimensions and switches
\paperwidth  597.50787pt
\paperheight 845.04684pt
\textwidth  426.79135pt
\textheight 702.7831pt
\oddsidemargin  13.08827pt
\evensidemargin 13.08827pt
\topmargin  -15.36449pt
\headheight 0.0pt
\headsep    0.0pt
\footskip   0.0pt
\marginparwidth 57.0pt
\marginparsep   11.0pt
\columnsep  10.0pt
\skip\footins  9.0pt plus 4.0pt minus 2.0pt
\hoffset 0.0pt
\voffset 0.0pt
\mag 1000

(1in=72.27pt, 1cm=28.45pt)
-----------------------
Missing character: There is no â in font cmti10!
Missing character: There is no € in font cmti10!
Missing character: There is no ™ in font cmti10!
LaTeX Font Info:    Try loading font information for U+msa on input line 147.

(/usr/share/texmf/tex/latex/amsfonts/umsa.fd
File: umsa.fd 2002/01/19 v2.2g AMS font definitions
)
LaTeX Font Info:    Try loading font information for U+msb on input line 147.

(/usr/share/texmf/tex/latex/amsfonts/umsb.fd
File: umsb.fd 2002/01/19 v2.2g AMS font definitions
) [1

] [2] [3]
Overfull \hbox (3.20955pt too wide) in paragraph at lines 546--554
\OT1/cmr/m/n/10 The goal is to find $\OML/cmm/m/it/10 ACE\OT1/cmr/m/n/10 (\OML/
cmm/m/it/10 X \OMS/cmsy/m/n/10 ! \OML/cmm/m/it/10 Y\OT1/cmr/m/n/10 )$ us-ing ex
-per-i-men-tal data $\OML/cmm/m/it/10 D$ \OT1/cmr/m/n/10 in the form of sam-ple
s $\OMS/cmsy/m/n/10 f\OT1/cmr/m/n/10 (\OML/cmm/m/it/10 Z[]; X[]; Y[]\OT1/cmr/m/
n/10 )\OMS/cmsy/m/n/10 g[]$\OT1/cmr/m/n/10 .
 []

[4] [5]
File: takingtype_case0.55_n=100.eps Graphic file (type eps)
 <takingtype_case0.55_n=100.eps>
File: healingtype_case0.55_n=100.eps Graphic file (type eps)
 <healingtype_case0.55_n=100.eps>
File: sampledACEs_case0.55_n=100.eps Graphic file (type eps)

<sampledACEs_case0.55_n=100.eps>
File: takingtype_case0.55_n=1000.eps Graphic file (type eps)
 <takingtype_case0.55_n=1000.eps>
File: healingtype_case0.55_n=1000.eps Graphic file (type eps)

<healingtype_case0.55_n=1000.eps>
File: sampledACEs_case0.55_n=1000.eps Graphic file (type eps)
 <sampledACEs_case0.55_n=1000.eps>
File: takingtype_case0.55_n=10000.eps Graphic file (type eps)

<takingtype_case0.55_n=10000.eps>
File: healingtype_case0.55_n=10000.eps Graphic file (type eps)
 <healingtype_case0.55_n=10000.eps>
File: sampledACEs_case0.55_n=10000.eps Graphic file (type eps)

<sampledACEs_case0.55_n=10000.eps> [6]
Overfull \hbox (25.22551pt too wide) in paragraph at lines 772--778
[][] 
 []


Overfull \hbox (98.08672pt too wide) in paragraph at lines 782--788
[][] 
 []

File: takingtype_case0.38_0.78_n=10000.eps Graphic file (type eps)
<takingtype_case0.38_0.78_n=10000.eps>
File: healingtype_case0.38_0.78_n=100.eps Graphic file (type eps)
 <healingtype_case0.38_0.78_n=100.eps>
File: sampledACEs_case0.38_0.78_n=100.eps Graphic file (type eps)

<sampledACEs_case0.38_0.78_n=100.eps>
File: takingtype_case0.38_0.78_n=1000.eps Graphic file (type eps)
 <takingtype_case0.38_0.78_n=1000.eps>
File: healingtype_case0.38_0.78_n=1000.eps Graphic file (type eps)

<healingtype_case0.38_0.78_n=1000.eps>
File: sampledACEs_case0.38_0.78_n=1000.eps Graphic file (type eps)
 <sampledACEs_case0.38_0.78_n=1000.eps>
File: takingtype_case0.38_0.78_n=10000.eps Graphic file (type eps)

<takingtype_case0.38_0.78_n=10000.eps>
File: healingtype_case0.38_0.78_n=10000.eps Graphic file (type eps)
 <healingtype_case0.38_0.78_n=10000.eps>
File: sampledACEs_case0.38_0.78_n=10000.eps Graphic file (type eps)

<sampledACEs_case0.38_0.78_n=10000.eps> [7] (./main.bbl
Missing character: There is no â in font cmr10!
Missing character: There is no € in font cmr10!
Missing character: There is no ™ in font cmr10!
) [8] (./main.aux) ) 
Here is how much of TeX's memory you used:
 4780 strings out of 94087
 53987 string characters out of 1167529
 164898 words of memory out of 3500000
 8004 multiletter control sequences out of 10000+50000
 12719 words of font info for 51 fonts, out of 1200000 for 2000
 645 hyphenation exceptions out of 8191
 32i,15n,37p,410b,390s stack positions out of 5000i,500n,6000p,200000b,5000s

Output written on main.dvi (8 pages, 71028 bytes).
